<?xml version="1.0" encoding="UTF-8"?>
<!-- Generated by org.testng.reporters.JUnitReportReporter -->
<testsuite hostname="DESKTOP-1DCNMCR" failures="0" tests="1" name="test_java.login2" time="14.634" errors="0" timestamp="2022-08-09T15:33:47 IST" skipped="0">
  <testcase classname="test_java.login2" name="f" time="14.634"/>
  <system-out/>
</testsuite> <!-- test_java.login2 -->
