<?xml version="1.0" encoding="UTF-8"?>
<!-- Generated by org.testng.reporters.JUnitReportReporter -->
<testsuite hostname="DESKTOP-1DCNMCR" failures="0" tests="1" name="test_java.TC_Login_Page" time="17.225" errors="0" timestamp="2022-08-09T15:33:47 IST" skipped="0">
  <testcase classname="test_java.TC_Login_Page" name="landinPage_test" time="17.225"/>
  <system-out/>
</testsuite> <!-- test_java.TC_Login_Page -->
