<?xml version="1.0" encoding="UTF-8"?>
<!-- Generated by org.testng.reporters.JUnitReportReporter -->
<testsuite hostname="DESKTOP-1DCNMCR" failures="0" tests="1" name="test_java.TC_FlipkartTest" time="13.369" errors="0" timestamp="2022-08-09T15:33:47 IST" skipped="0">
  <testcase classname="test_java.TC_FlipkartTest" name="flip_login_tcTest" time="13.369"/>
  <system-out/>
</testsuite> <!-- test_java.TC_FlipkartTest -->
